#
# A fatal error has been detected by the Java Runtime Environment:
#
#  EXCEPTION_ACCESS_VIOLATION (0xc0000005) at pc=0x00007ffcbc2de6fc, pid=20676, tid=14324
#
# JRE version: OpenJDK Runtime Environment Corretto-17.0.8.8.1 (17.0.8.1+8) (build 17.0.8.1+8-LTS)
# Java VM: OpenJDK 64-Bit Server VM Corretto-17.0.8.8.1 (17.0.8.1+8-LTS, mixed mode, sharing, tiered, compressed oops, compressed class ptrs, g1 gc, windows-amd64)
# Problematic frame:
# V  [jvm.dll+0x55e6fc]
#
# No core dump will be written. Minidumps are not enabled by default on client versions of Windows
#
# If you would like to submit a bug report, please visit:
#   https://github.com/corretto/corretto-17/issues/
#

---------------  S U M M A R Y ------------

Command Line: -Dorg.gradle.internal.worker.tmpdir=C:\code\mogu-apiserver\build\tmp\test\work -Dorg.gradle.native=false -Xmx512m -Dfile.encoding=UTF-8 -Duser.country=US -Duser.language=en -Duser.variant -ea worker.org.gradle.process.internal.worker.GradleWorkerMain 'Gradle Test Executor 2'

Host: 12th Gen Intel(R) Core(TM) i5-12600KF, 16 cores, 31G,  Windows 11 , 64 bit Build 22621 (10.0.22621.2428)
Time: Sat Oct 21 13:54:43 2023 Korea Standard Time elapsed time: 11.930059 seconds (0d 0h 0m 11s)

---------------  T H R E A D  ---------------

Current thread (0x00000269ef625f20):  JavaThread "C2 CompilerThread1" daemon [_thread_in_native, id=14324, stack(0x000000e8acd00000,0x000000e8ace00000)]


Current CompileTask:
C2:  11930 10175       4       org.springframework.asm.Type::getClassName (172 bytes)

Stack: [0x000000e8acd00000,0x000000e8ace00000],  sp=0x000000e8acdfa4c0,  free space=1001k
Native frames: (J=compiled Java code, j=interpreted, Vv=VM code, C=native code)
V  [jvm.dll+0x55e6fc]
V  [jvm.dll+0x55b432]
V  [jvm.dll+0x2135eb]
V  [jvm.dll+0x20c7ef]
V  [jvm.dll+0x20a4c2]
V  [jvm.dll+0x19a74d]
V  [jvm.dll+0x219b5d]
V  [jvm.dll+0x217cbb]
V  [jvm.dll+0x7b94bb]
V  [jvm.dll+0x7b392a]
V  [jvm.dll+0x64b845]
C  [ucrtbase.dll+0x29363]
C  [KERNEL32.DLL+0x1257d]
C  [ntdll.dll+0x5aa78]


siginfo: EXCEPTION_ACCESS_VIOLATION (0xc0000005), ExceptionInformation=0x0000000000000003 0x0000000000000000


Register to memory mapping:

RIP=0x00007ffcbc2de6fc jvm.dll
RAX=0x00000269f320d6b0 points into unknown readable memory: 0x00000269f434a0c0 | c0 a0 34 f4 69 02 00 00
RBX=0x0 is NULL
RCX=0x000000000000e000 is an unknown value
RDX=0x000000e8acdfe470 is pointing into the stack for thread: 0x00000269ef625f20
RSP=0x000000e8acdfa4c0 is pointing into the stack for thread: 0x00000269ef625f20
RBP=0x40000269ee590bc0 is an unknown value
RSI=0x000000000000001d is an unknown value
RDI=0x0000000000000001 is an unknown value
R8 =0x000000000000000f is an unknown value
R9 =0x000000e8acdfe470 is pointing into the stack for thread: 0x00000269ef625f20
R10=0x0 is NULL
R11=0x0000000000000246 is an unknown value
R12=0x000002698d133c50 points into unknown readable memory: 0x00007ffcbc69c2b0 | b0 c2 69 bc fc 7f 00 00
R13=0x00000269ef723400 points into unknown readable memory: 0x0000000000000000 | 00 00 00 00 00 00 00 00
R14=0x000000e8acdfa8c0 is pointing into the stack for thread: 0x00000269ef625f20
R15=0x0 is NULL


Registers:
RAX=0x00000269f320d6b0, RBX=0x0000000000000000, RCX=0x000000000000e000, RDX=0x000000e8acdfe470
RSP=0x000000e8acdfa4c0, RBP=0x40000269ee590bc0, RSI=0x000000000000001d, RDI=0x0000000000000001
R8 =0x000000000000000f, R9 =0x000000e8acdfe470, R10=0x0000000000000000, R11=0x0000000000000246
R12=0x000002698d133c50, R13=0x00000269ef723400, R14=0x000000e8acdfa8c0, R15=0x0000000000000000
RIP=0x00007ffcbc2de6fc, EFLAGS=0x0000000000010206

Top of Stack: (sp=0x000000e8acdfa4c0)
0x000000e8acdfa4c0:   0000000000000001 0000000000000000
0x000000e8acdfa4d0:   000000e8acdfa640 00007ffcbc2dbf94
0x000000e8acdfa4e0:   00000269f6b434b0 00007ffc00000040
0x000000e8acdfa4f0:   00000269ef1bf490 0000000000000032
0x000000e8acdfa500:   0000026900000100 00000269ef1bf090
0x000000e8acdfa510:   0000000000000100 00000269f6b434b0
0x000000e8acdfa520:   0000000000000000 000000e8acdfa640
0x000000e8acdfa530:   00000269f070e640 00007ffcbc2db432
0x000000e8acdfa540:   000000e8acdfa8c0 000000e8acdfa640
0x000000e8acdfa550:   00000269f0ebad68 0000000000000001
0x000000e8acdfa560:   000002698ad10000 000002698ad10000
0x000000e8acdfa570:   00000269f6b434b0 0000000000000800
0x000000e8acdfa580:   00000269f7f9db20 0000000000000000
0x000000e8acdfa590:   0000000000000100 00000269f7e53e30
0x000000e8acdfa5a0:   0000026900000100 00000269f6b434b0
0x000000e8acdfa5b0:   00000269f4a6ccc0 00000269f4a74da0 

Instructions: (pc=0x00007ffcbc2de6fc)
0x00007ffcbc2de5fc:   04 25 58 00 00 00 48 89 9c 24 80 00 00 00 b9 20
0x00007ffcbc2de60c:   00 00 00 48 89 b4 24 90 00 00 00 48 8b 04 d0 48
0x00007ffcbc2de61c:   8b 0c 08 48 8b 99 38 02 00 00 48 89 5c 24 20 c7
0x00007ffcbc2de62c:   44 24 28 04 00 00 00 48 8b 43 18 48 83 f8 df 76
0x00007ffcbc2de63c:   18 4c 8d 05 bc f3 37 00 ba 20 00 00 00 48 8b cb
0x00007ffcbc2de64c:   e8 4f f7 b5 ff 48 8b 43 18 48 8d 48 20 48 3b 4b
0x00007ffcbc2de65c:   20 76 11 45 33 c0 48 8b cb 41 8d 50 20 e8 e2 f4
0x00007ffcbc2de66c:   b5 ff eb 04 48 89 4b 18 44 8b 44 24 28 33 d2 49
0x00007ffcbc2de67c:   c1 e0 03 48 8b c8 48 89 44 24 30 e8 f6 c5 2f 00
0x00007ffcbc2de68c:   33 db 48 8d 4c 24 40 89 5c 24 38 e8 34 cd 28 00
0x00007ffcbc2de69c:   4d 8b 4e 10 89 5c 24 60 49 8b d1 41 38 59 7b 74
0x00007ffcbc2de6ac:   1f 49 8b 96 90 09 00 00 4c 8d 44 24 20 49 8b ce
0x00007ffcbc2de6bc:   48 8b 52 10 e8 ab ea ff ff 4d 8b 4e 10 49 8b d1
0x00007ffcbc2de6cc:   49 63 b1 c0 01 00 00 48 89 ac 24 88 00 00 00 48
0x00007ffcbc2de6dc:   89 bc 24 98 00 00 00 48 85 f6 0f 8e 7d 00 00 00
0x00007ffcbc2de6ec:   0f 1f 40 00 48 8b 82 c8 01 00 00 48 8b 6c f0 f8
0x00007ffcbc2de6fc:   8b 4d 28 8b c1 c1 e8 05 3b 44 24 40 73 19 83 e1
0x00007ffcbc2de70c:   1f 4c 8b ca 44 8b c1 8b c8 48 8b 44 24 48 8b 0c
0x00007ffcbc2de71c:   88 44 0f a3 c1 72 3e 48 8b 45 08 48 8b d5 49 8b
0x00007ffcbc2de72c:   be 88 09 00 00 48 8b cf 48 8b 58 08 e8 e3 10 11
0x00007ffcbc2de73c:   00 48 8d 8f 88 09 00 00 48 8b d5 e8 34 29 11 00
0x00007ffcbc2de74c:   4c 8b c3 48 8b d5 48 8b cf e8 a6 3b 11 00 49 8b
0x00007ffcbc2de75c:   56 10 4c 8b ca 48 ff ce 48 85 f6 7f 87 49 63 b1
0x00007ffcbc2de76c:   d8 01 00 00 48 85 f6 7e 7e 66 66 66 0f 1f 84 00
0x00007ffcbc2de77c:   00 00 00 00 49 8b 46 10 48 8b 88 e0 01 00 00 48
0x00007ffcbc2de78c:   8b 6c f1 f8 8b 4d 28 8b c1 c1 e8 05 3b 44 24 40
0x00007ffcbc2de79c:   73 16 83 e1 1f 44 8b c1 8b c8 48 8b 44 24 48 8b
0x00007ffcbc2de7ac:   0c 88 44 0f a3 c1 72 37 48 8b 45 08 48 8b d5 49
0x00007ffcbc2de7bc:   8b be 88 09 00 00 48 8b cf 48 8b 58 10 e8 52 10
0x00007ffcbc2de7cc:   11 00 48 8d 8f 88 09 00 00 48 8b d5 e8 a3 28 11
0x00007ffcbc2de7dc:   00 4c 8b c3 48 8b d5 48 8b cf e8 15 3b 11 00 48
0x00007ffcbc2de7ec:   ff ce 48 85 f6 7f 8d 48 8b ac 24 88 00 00 00 48 


Stack slot to memory mapping:
stack at sp + 0 slots: 0x0000000000000001 is an unknown value
stack at sp + 1 slots: 0x0 is NULL
stack at sp + 2 slots: 0x000000e8acdfa640 is pointing into the stack for thread: 0x00000269ef625f20
stack at sp + 3 slots: 0x00007ffcbc2dbf94 jvm.dll
stack at sp + 4 slots: 0x00000269f6b434b0 points into unknown readable memory: 0x6f63002e00000006 | 06 00 00 00 2e 00 63 6f
stack at sp + 5 slots: 0x00007ffc00000040 is an unknown value
stack at sp + 6 slots: 0x00000269ef1bf490 points into unknown readable memory: 0x00000269f8cbe2a8 | a8 e2 cb f8 69 02 00 00
stack at sp + 7 slots: 0x0000000000000032 is an unknown value


---------------  P R O C E S S  ---------------

Threads class SMR info:
_java_thread_list=0x00000269eed8b5c0, length=25, elements={
0x000002698ae0eae0, 0x00000269a874f670, 0x00000269a87504f0, 0x00000269a8761d90,
0x00000269a8762950, 0x00000269a8765320, 0x00000269a8765ce0, 0x00000269a8766a80,
0x00000269a8802dc0, 0x00000269a8803dd0, 0x00000269a896e8a0, 0x00000269a8af0c00,
0x00000269a8b07a10, 0x00000269a8b2bab0, 0x00000269ee79ba40, 0x00000269ee828310,
0x00000269ee8d2600, 0x00000269ee7fe9a0, 0x00000269f0a7fdf0, 0x00000269f0a7df90,
0x00000269f0a7d570, 0x00000269ef625f20, 0x00000269ef6249e0, 0x00000269ef626470,
0x00000269ef624f30
}

Java Threads: ( => current thread )
  0x000002698ae0eae0 JavaThread "Test worker" [_thread_in_Java, id=21492, stack(0x000000e8ab800000,0x000000e8ab900000)]
  0x00000269a874f670 JavaThread "Reference Handler" daemon [_thread_blocked, id=18068, stack(0x000000e8abf00000,0x000000e8ac000000)]
  0x00000269a87504f0 JavaThread "Finalizer" daemon [_thread_blocked, id=21060, stack(0x000000e8ac000000,0x000000e8ac100000)]
  0x00000269a8761d90 JavaThread "Signal Dispatcher" daemon [_thread_blocked, id=2812, stack(0x000000e8ac100000,0x000000e8ac200000)]
  0x00000269a8762950 JavaThread "Attach Listener" daemon [_thread_blocked, id=11912, stack(0x000000e8ac200000,0x000000e8ac300000)]
  0x00000269a8765320 JavaThread "Service Thread" daemon [_thread_blocked, id=6392, stack(0x000000e8ac300000,0x000000e8ac400000)]
  0x00000269a8765ce0 JavaThread "Monitor Deflation Thread" daemon [_thread_blocked, id=8644, stack(0x000000e8ac400000,0x000000e8ac500000)]
  0x00000269a8766a80 JavaThread "C2 CompilerThread0" daemon [_thread_in_native, id=19676, stack(0x000000e8ac500000,0x000000e8ac600000)]
  0x00000269a8802dc0 JavaThread "C1 CompilerThread0" daemon [_thread_blocked, id=18716, stack(0x000000e8ac600000,0x000000e8ac700000)]
  0x00000269a8803dd0 JavaThread "Sweeper thread" daemon [_thread_blocked, id=13220, stack(0x000000e8ac700000,0x000000e8ac800000)]
  0x00000269a896e8a0 JavaThread "C1 CompilerThread1" daemon [_thread_in_native, id=5772, stack(0x000000e8ac800000,0x000000e8ac900000)]
  0x00000269a8af0c00 JavaThread "C1 CompilerThread2" daemon [_thread_blocked, id=15628, stack(0x000000e8ac900000,0x000000e8aca00000)]
  0x00000269a8b07a10 JavaThread "Notification Thread" daemon [_thread_blocked, id=8900, stack(0x000000e8aca00000,0x000000e8acb00000)]
  0x00000269a8b2bab0 JavaThread "Common-Cleaner" daemon [_thread_blocked, id=20644, stack(0x000000e8acc00000,0x000000e8acd00000)]
  0x00000269ee79ba40 JavaThread "C1 CompilerThread3" daemon [_thread_blocked, id=20092, stack(0x000000e8acf00000,0x000000e8ad000000)]
  0x00000269ee828310 JavaThread "/127.0.0.1:8777 to /127.0.0.1:8776 workers" [_thread_blocked, id=10748, stack(0x000000e8ad100000,0x000000e8ad200000)]
  0x00000269ee8d2600 JavaThread "/127.0.0.1:8777 to /127.0.0.1:8776 workers Thread 2" [_thread_blocked, id=21008, stack(0x000000e8ad200000,0x000000e8ad300000)]
  0x00000269ee7fe9a0 JavaThread "/127.0.0.1:8777 to /127.0.0.1:8776 workers Thread 3" [_thread_in_native, id=15088, stack(0x000000e8ad300000,0x000000e8ad400000)]
  0x00000269f0a7fdf0 JavaThread "mysql-cj-abandoned-connection-cleanup" daemon [_thread_blocked, id=13652, stack(0x000000e8ae400000,0x000000e8ae500000)]
  0x00000269f0a7df90 JavaThread "HikariPool-1 housekeeper" daemon [_thread_blocked, id=20188, stack(0x000000e8ae600000,0x000000e8ae700000)]
  0x00000269f0a7d570 JavaThread "java-sdk-http-connection-reaper" daemon [_thread_blocked, id=18108, stack(0x000000e8ae700000,0x000000e8ae800000)]
=>0x00000269ef625f20 JavaThread "C2 CompilerThread1" daemon [_thread_in_native, id=14324, stack(0x000000e8acd00000,0x000000e8ace00000)]
  0x00000269ef6249e0 JavaThread "C2 CompilerThread2" daemon [_thread_in_native, id=20344, stack(0x000000e8ace00000,0x000000e8acf00000)]
  0x00000269ef626470 JavaThread "C2 CompilerThread3" daemon [_thread_in_native, id=12068, stack(0x000000e8ad400000,0x000000e8ad500000)]
  0x00000269ef624f30 JavaThread "C2 CompilerThread4" daemon [_thread_in_vm, id=20236, stack(0x000000e8ad500000,0x000000e8ad600000)]

Other Threads:
  0x00000269a874ba60 VMThread "VM Thread" [stack: 0x000000e8abe00000,0x000000e8abf00000] [id=11144]
  0x000002698d16b770 WatcherThread [stack: 0x000000e8acb00000,0x000000e8acc00000] [id=19832]
  0x000002698d14d740 GCTaskThread "GC Thread#0" [stack: 0x000000e8ab900000,0x000000e8aba00000] [id=20400]
  0x00000269ef444db0 GCTaskThread "GC Thread#1" [stack: 0x000000e8ad600000,0x000000e8ad700000] [id=6712]
  0x00000269ef445070 GCTaskThread "GC Thread#2" [stack: 0x000000e8ad700000,0x000000e8ad800000] [id=18816]
  0x00000269ee9bae90 GCTaskThread "GC Thread#3" [stack: 0x000000e8ad800000,0x000000e8ad900000] [id=13540]
  0x00000269ee9bb150 GCTaskThread "GC Thread#4" [stack: 0x000000e8ad900000,0x000000e8ada00000] [id=18636]
  0x00000269ef40d3d0 GCTaskThread "GC Thread#5" [stack: 0x000000e8ada00000,0x000000e8adb00000] [id=5980]
  0x00000269ef40d690 GCTaskThread "GC Thread#6" [stack: 0x000000e8adb00000,0x000000e8adc00000] [id=14156]
  0x00000269eef0b6e0 GCTaskThread "GC Thread#7" [stack: 0x000000e8adc00000,0x000000e8add00000] [id=18948]
  0x00000269eef0b9a0 GCTaskThread "GC Thread#8" [stack: 0x000000e8add00000,0x000000e8ade00000] [id=3872]
  0x00000269eef0bc60 GCTaskThread "GC Thread#9" [stack: 0x000000e8ade00000,0x000000e8adf00000] [id=19200]
  0x00000269ef42a820 GCTaskThread "GC Thread#10" [stack: 0x000000e8adf00000,0x000000e8ae000000] [id=15064]
  0x00000269ef3da2a0 GCTaskThread "GC Thread#11" [stack: 0x000000e8ae000000,0x000000e8ae100000] [id=18904]
  0x00000269f0ab5dd0 GCTaskThread "GC Thread#12" [stack: 0x000000e8ae100000,0x000000e8ae200000] [id=9592]
  0x000002698d152690 ConcurrentGCThread "G1 Main Marker" [stack: 0x000000e8aba00000,0x000000e8abb00000] [id=13836]
  0x000002698d1530a0 ConcurrentGCThread "G1 Conc#0" [stack: 0x000000e8abb00000,0x000000e8abc00000] [id=5084]
  0x00000269f0ab5b10 ConcurrentGCThread "G1 Conc#1" [stack: 0x000000e8ae200000,0x000000e8ae300000] [id=11184]
  0x00000269f0ab4510 ConcurrentGCThread "G1 Conc#2" [stack: 0x000000e8ae300000,0x000000e8ae400000] [id=15588]
  0x00000269a8693e90 ConcurrentGCThread "G1 Refine#0" [stack: 0x000000e8abc00000,0x000000e8abd00000] [id=15728]
  0x00000269a86946d0 ConcurrentGCThread "G1 Service" [stack: 0x000000e8abd00000,0x000000e8abe00000] [id=13028]

Threads with active compile tasks:
C2 CompilerThread0    11955 10010       4       org.springframework.boot.context.properties.source.SpringConfigurationPropertySources$SourcesIterator::fetchNext (139 bytes)
C1 CompilerThread0    11955 10255       3       net.bytebuddy.jar.asm.ClassReader::readMethod (1066 bytes)
C2 CompilerThread1    11955 10175       4       org.springframework.asm.Type::getClassName (172 bytes)
C2 CompilerThread2    11955 10248       4       net.bytebuddy.jar.asm.ClassReader::readUtf (44 bytes)
C2 CompilerThread3    11955 10119   !   4       org.springframework.core.type.filter.AbstractTypeHierarchyTraversingFilter::match (253 bytes)
C2 CompilerThread4    11955 10253       4       net.bytebuddy.description.type.TypeDescription$AbstractBase::hashCode (54 bytes)

VM state: not at safepoint (normal execution)

VM Mutex/Monitor currently owned by a thread: None

Heap address: 0x00000000e0000000, size: 512 MB, Compressed Oops mode: 32-bit

CDS archive(s) mapped at: [0x00000269a9000000-0x00000269a9bd0000-0x00000269a9bd0000), size 12386304, SharedBaseAddress: 0x00000269a9000000, ArchiveRelocationMode: 1.
Compressed class space mapped at: 0x00000269aa000000-0x00000269ea000000, reserved size: 1073741824
Narrow klass base: 0x00000269a9000000, Narrow klass shift: 0, Narrow klass range: 0x100000000

GC Precious Log:
 CPUs: 16 total, 16 available
 Memory: 32627M
 Large Page Support: Disabled
 NUMA Support: Disabled
 Compressed Oops: Enabled (32-bit)
 Heap Region Size: 1M
 Heap Min Capacity: 8M
 Heap Initial Capacity: 510M
 Heap Max Capacity: 512M
 Pre-touch: Disabled
 Parallel Workers: 13
 Concurrent Workers: 3
 Concurrent Refinement Workers: 13
 Periodic GC: Disabled

Heap:
 garbage-first heap   total 80896K, used 49325K [0x00000000e0000000, 0x0000000100000000)
  region size 1024K, 4 young (4096K), 1 survivors (1024K)
 Metaspace       used 94125K, committed 94784K, reserved 1179648K
  class space    used 13274K, committed 13568K, reserved 1048576K

Heap Regions: E=young(eden), S=young(survivor), O=old, HS=humongous(starts), HC=humongous(continues), CS=collection set, F=free, OA=open archive, CA=closed archive, TAMS=top-at-mark-start (previous, next)
|   0|0x00000000e0000000, 0x00000000e0100000, 0x00000000e0100000|100%|HS|  |TAMS 0x00000000e0100000, 0x00000000e0000000| Complete 
|   1|0x00000000e0100000, 0x00000000e0200000, 0x00000000e0200000|100%| O|  |TAMS 0x00000000e0200000, 0x00000000e0100000| Untracked 
|   2|0x00000000e0200000, 0x00000000e0300000, 0x00000000e0300000|100%| O|  |TAMS 0x00000000e0300000, 0x00000000e0200000| Untracked 
|   3|0x00000000e0300000, 0x00000000e0400000, 0x00000000e0400000|100%| O|  |TAMS 0x00000000e0400000, 0x00000000e0300000| Untracked 
|   4|0x00000000e0400000, 0x00000000e0500000, 0x00000000e0500000|100%| O|  |TAMS 0x00000000e0500000, 0x00000000e0400000| Untracked 
|   5|0x00000000e0500000, 0x00000000e0600000, 0x00000000e0600000|100%| O|  |TAMS 0x00000000e0600000, 0x00000000e0500000| Untracked 
|   6|0x00000000e0600000, 0x00000000e0700000, 0x00000000e0700000|100%| O|  |TAMS 0x00000000e0700000, 0x00000000e0600000| Untracked 
|   7|0x00000000e0700000, 0x00000000e0800000, 0x00000000e0800000|100%| O|  |TAMS 0x00000000e0800000, 0x00000000e0700000| Untracked 
|   8|0x00000000e0800000, 0x00000000e0900000, 0x00000000e0900000|100%| O|  |TAMS 0x00000000e0900000, 0x00000000e0800000| Untracked 
|   9|0x00000000e0900000, 0x00000000e0a00000, 0x00000000e0a00000|100%| O|  |TAMS 0x00000000e0a00000, 0x00000000e0900000| Untracked 
|  10|0x00000000e0a00000, 0x00000000e0b00000, 0x00000000e0b00000|100%| O|  |TAMS 0x00000000e0a00000, 0x00000000e0a00000| Untracked 
|  11|0x00000000e0b00000, 0x00000000e0c00000, 0x00000000e0c00000|100%| O|  |TAMS 0x00000000e0c00000, 0x00000000e0b00000| Untracked 
|  12|0x00000000e0c00000, 0x00000000e0d00000, 0x00000000e0d00000|100%| O|  |TAMS 0x00000000e0d00000, 0x00000000e0c00000| Untracked 
|  13|0x00000000e0d00000, 0x00000000e0e00000, 0x00000000e0e00000|100%| O|  |TAMS 0x00000000e0e00000, 0x00000000e0d00000| Untracked 
|  14|0x00000000e0e00000, 0x00000000e0f00000, 0x00000000e0f00000|100%| O|  |TAMS 0x00000000e0eddc00, 0x00000000e0e00000| Untracked 
|  15|0x00000000e0f00000, 0x00000000e1000000, 0x00000000e1000000|100%| O|  |TAMS 0x00000000e1000000, 0x00000000e0f00000| Untracked 
|  16|0x00000000e1000000, 0x00000000e1100000, 0x00000000e1100000|100%| O|  |TAMS 0x00000000e1100000, 0x00000000e1000000| Untracked 
|  17|0x00000000e1100000, 0x00000000e1200000, 0x00000000e1200000|100%| O|  |TAMS 0x00000000e1200000, 0x00000000e1100000| Untracked 
|  18|0x00000000e1200000, 0x00000000e1300000, 0x00000000e1300000|100%| O|  |TAMS 0x00000000e1300000, 0x00000000e1200000| Untracked 
|  19|0x00000000e1300000, 0x00000000e1400000, 0x00000000e1400000|100%| O|  |TAMS 0x00000000e1400000, 0x00000000e1300000| Untracked 
|  20|0x00000000e1400000, 0x00000000e1500000, 0x00000000e1500000|100%| O|  |TAMS 0x00000000e1500000, 0x00000000e1400000| Untracked 
|  21|0x00000000e1500000, 0x00000000e1600000, 0x00000000e1600000|100%| O|  |TAMS 0x00000000e1600000, 0x00000000e1500000| Untracked 
|  22|0x00000000e1600000, 0x00000000e1700000, 0x00000000e1700000|100%| O|  |TAMS 0x00000000e1700000, 0x00000000e1600000| Untracked 
|  23|0x00000000e1700000, 0x00000000e1700000, 0x00000000e1800000|  0%| F|  |TAMS 0x00000000e1700000, 0x00000000e1700000| Untracked 
|  24|0x00000000e1800000, 0x00000000e1900000, 0x00000000e1900000|100%| O|  |TAMS 0x00000000e1900000, 0x00000000e1800000| Untracked 
|  25|0x00000000e1900000, 0x00000000e1a00000, 0x00000000e1a00000|100%| O|  |TAMS 0x00000000e1a00000, 0x00000000e1900000| Untracked 
|  26|0x00000000e1a00000, 0x00000000e1b00000, 0x00000000e1b00000|100%| O|  |TAMS 0x00000000e1b00000, 0x00000000e1a00000| Untracked 
|  27|0x00000000e1b00000, 0x00000000e1c00000, 0x00000000e1c00000|100%| O|  |TAMS 0x00000000e1c00000, 0x00000000e1b00000| Untracked 
|  28|0x00000000e1c00000, 0x00000000e1d00000, 0x00000000e1d00000|100%| O|  |TAMS 0x00000000e1d00000, 0x00000000e1c00000| Untracked 
|  29|0x00000000e1d00000, 0x00000000e1e00000, 0x00000000e1e00000|100%| O|  |TAMS 0x00000000e1e00000, 0x00000000e1d00000| Untracked 
|  30|0x00000000e1e00000, 0x00000000e1f00000, 0x00000000e1f00000|100%| O|  |TAMS 0x00000000e1f00000, 0x00000000e1e00000| Untracked 
|  31|0x00000000e1f00000, 0x00000000e2000000, 0x00000000e2000000|100%| O|  |TAMS 0x00000000e2000000, 0x00000000e1f00000| Untracked 
|  32|0x00000000e2000000, 0x00000000e2100000, 0x00000000e2100000|100%| O|  |TAMS 0x00000000e2100000, 0x00000000e2000000| Untracked 
|  33|0x00000000e2100000, 0x00000000e2200000, 0x00000000e2200000|100%| O|  |TAMS 0x00000000e2200000, 0x00000000e2100000| Untracked 
|  34|0x00000000e2200000, 0x00000000e2300000, 0x00000000e2300000|100%| O|  |TAMS 0x00000000e2300000, 0x00000000e2200000| Untracked 
|  35|0x00000000e2300000, 0x00000000e2400000, 0x00000000e2400000|100%| O|  |TAMS 0x00000000e2400000, 0x00000000e2300000| Untracked 
|  36|0x00000000e2400000, 0x00000000e2500000, 0x00000000e2500000|100%| O|  |TAMS 0x00000000e2500000, 0x00000000e2400000| Untracked 
|  37|0x00000000e2500000, 0x00000000e2600000, 0x00000000e2600000|100%| O|  |TAMS 0x00000000e2600000, 0x00000000e2500000| Untracked 
|  38|0x00000000e2600000, 0x00000000e2700000, 0x00000000e2700000|100%| O|  |TAMS 0x00000000e2700000, 0x00000000e2600000| Untracked 
|  39|0x00000000e2700000, 0x00000000e2800000, 0x00000000e2800000|100%| O|  |TAMS 0x00000000e2800000, 0x00000000e2700000| Untracked 
|  40|0x00000000e2800000, 0x00000000e2900000, 0x00000000e2900000|100%| O|  |TAMS 0x00000000e2900000, 0x00000000e2800000| Untracked 
|  41|0x00000000e2900000, 0x00000000e2a00000, 0x00000000e2a00000|100%| O|  |TAMS 0x00000000e2a00000, 0x00000000e2900000| Untracked 
|  42|0x00000000e2a00000, 0x00000000e2b00000, 0x00000000e2b00000|100%| O|  |TAMS 0x00000000e2b00000, 0x00000000e2a00000| Untracked 
|  43|0x00000000e2b00000, 0x00000000e2c00000, 0x00000000e2c00000|100%| O|  |TAMS 0x00000000e2c00000, 0x00000000e2b00000| Untracked 
|  44|0x00000000e2c00000, 0x00000000e2d00000, 0x00000000e2d00000|100%| O|  |TAMS 0x00000000e2d00000, 0x00000000e2c00000| Untracked 
|  45|0x00000000e2d00000, 0x00000000e2e00000, 0x00000000e2e00000|100%| O|  |TAMS 0x00000000e2d00000, 0x00000000e2d00000| Untracked 
|  46|0x00000000e2e00000, 0x00000000e2ece800, 0x00000000e2f00000| 80%| O|  |TAMS 0x00000000e2e00000, 0x00000000e2e00000| Untracked 
|  47|0x00000000e2f00000, 0x00000000e2f00000, 0x00000000e3000000|  0%| F|  |TAMS 0x00000000e2f00000, 0x00000000e2f00000| Untracked 
|  48|0x00000000e3000000, 0x00000000e3000000, 0x00000000e3100000|  0%| F|  |TAMS 0x00000000e3000000, 0x00000000e3000000| Untracked 
|  49|0x00000000e3100000, 0x00000000e3100000, 0x00000000e3200000|  0%| F|  |TAMS 0x00000000e3100000, 0x00000000e3100000| Untracked 
|  50|0x00000000e3200000, 0x00000000e3200000, 0x00000000e3300000|  0%| F|  |TAMS 0x00000000e3200000, 0x00000000e3200000| Untracked 
|  51|0x00000000e3300000, 0x00000000e3300000, 0x00000000e3400000|  0%| F|  |TAMS 0x00000000e3300000, 0x00000000e3300000| Untracked 
|  52|0x00000000e3400000, 0x00000000e3400000, 0x00000000e3500000|  0%| F|  |TAMS 0x00000000e3400000, 0x00000000e3400000| Untracked 
|  53|0x00000000e3500000, 0x00000000e3500000, 0x00000000e3600000|  0%| F|  |TAMS 0x00000000e3500000, 0x00000000e3500000| Untracked 
|  54|0x00000000e3600000, 0x00000000e3600000, 0x00000000e3700000|  0%| F|  |TAMS 0x00000000e3600000, 0x00000000e3600000| Untracked 
|  55|0x00000000e3700000, 0x00000000e3700000, 0x00000000e3800000|  0%| F|  |TAMS 0x00000000e3700000, 0x00000000e3700000| Untracked 
|  56|0x00000000e3800000, 0x00000000e3800000, 0x00000000e3900000|  0%| F|  |TAMS 0x00000000e3800000, 0x00000000e3800000| Untracked 
|  57|0x00000000e3900000, 0x00000000e3900000, 0x00000000e3a00000|  0%| F|  |TAMS 0x00000000e3900000, 0x00000000e3900000| Untracked 
|  58|0x00000000e3a00000, 0x00000000e3a00000, 0x00000000e3b00000|  0%| F|  |TAMS 0x00000000e3a00000, 0x00000000e3a00000| Untracked 
|  59|0x00000000e3b00000, 0x00000000e3b00000, 0x00000000e3c00000|  0%| F|  |TAMS 0x00000000e3b00000, 0x00000000e3b00000| Untracked 
|  60|0x00000000e3c00000, 0x00000000e3c00000, 0x00000000e3d00000|  0%| F|  |TAMS 0x00000000e3c00000, 0x00000000e3c00000| Untracked 
|  61|0x00000000e3d00000, 0x00000000e3d00000, 0x00000000e3e00000|  0%| F|  |TAMS 0x00000000e3d00000, 0x00000000e3d00000| Untracked 
|  62|0x00000000e3e00000, 0x00000000e3e00000, 0x00000000e3f00000|  0%| F|  |TAMS 0x00000000e3e00000, 0x00000000e3e00000| Untracked 
|  63|0x00000000e3f00000, 0x00000000e3f00000, 0x00000000e4000000|  0%| F|  |TAMS 0x00000000e3f00000, 0x00000000e3f00000| Untracked 
|  64|0x00000000e4000000, 0x00000000e4000000, 0x00000000e4100000|  0%| F|  |TAMS 0x00000000e4000000, 0x00000000e4000000| Untracked 
|  65|0x00000000e4100000, 0x00000000e4100000, 0x00000000e4200000|  0%| F|  |TAMS 0x00000000e4100000, 0x00000000e4100000| Untracked 
|  66|0x00000000e4200000, 0x00000000e4200000, 0x00000000e4300000|  0%| F|  |TAMS 0x00000000e4200000, 0x00000000e4200000| Untracked 
|  67|0x00000000e4300000, 0x00000000e4300000, 0x00000000e4400000|  0%| F|  |TAMS 0x00000000e4300000, 0x00000000e4300000| Untracked 
|  68|0x00000000e4400000, 0x00000000e4400000, 0x00000000e4500000|  0%| F|  |TAMS 0x00000000e4400000, 0x00000000e4400000| Untracked 
|  69|0x00000000e4500000, 0x00000000e4500000, 0x00000000e4600000|  0%| F|  |TAMS 0x00000000e4500000, 0x00000000e4500000| Untracked 
|  70|0x00000000e4600000, 0x00000000e4600000, 0x00000000e4700000|  0%| F|  |TAMS 0x00000000e4600000, 0x00000000e4600000| Untracked 
|  71|0x00000000e4700000, 0x00000000e4700000, 0x00000000e4800000|  0%| F|  |TAMS 0x00000000e4700000, 0x00000000e4700000| Untracked 
|  72|0x00000000e4800000, 0x00000000e4800000, 0x00000000e4900000|  0%| F|  |TAMS 0x00000000e4800000, 0x00000000e4800000| Untracked 
| 451|0x00000000fc300000, 0x00000000fc300000, 0x00000000fc400000|  0%| F|  |TAMS 0x00000000fc300000, 0x00000000fc300000| Untracked 
| 452|0x00000000fc400000, 0x00000000fc400000, 0x00000000fc500000|  0%| F|  |TAMS 0x00000000fc400000, 0x00000000fc400000| Untracked 
| 453|0x00000000fc500000, 0x00000000fc55f580, 0x00000000fc600000| 37%| E|  |TAMS 0x00000000fc500000, 0x00000000fc500000| Complete 
| 454|0x00000000fc600000, 0x00000000fc700000, 0x00000000fc700000|100%| E|CS|TAMS 0x00000000fc600000, 0x00000000fc600000| Complete 
| 455|0x00000000fc700000, 0x00000000fc75cf00, 0x00000000fc800000| 36%| S|CS|TAMS 0x00000000fc700000, 0x00000000fc700000| Complete 
| 509|0x00000000ffd00000, 0x00000000ffe00000, 0x00000000ffe00000|100%| E|CS|TAMS 0x00000000ffd00000, 0x00000000ffd00000| Complete 

Card table byte_map: [0x00000269a45a0000,0x00000269a46a0000] _byte_map_base: 0x00000269a3ea0000

Marking Bits (Prev, Next): (CMBitMap*) 0x000002698d14dda0, (CMBitMap*) 0x000002698d14dd60
 Prev Bits: [0x00000269a4fa0000, 0x00000269a57a0000)
 Next Bits: [0x00000269a47a0000, 0x00000269a4fa0000)

Polling page: 0x000002698b050000

Metaspace:

Usage:
  Non-class:     78.98 MB used.
      Class:     12.96 MB used.
       Both:     91.94 MB used.

Virtual space:
  Non-class space:      128.00 MB reserved,      79.31 MB ( 62%) committed,  2 nodes.
      Class space:        1.00 GB reserved,      13.25 MB (  1%) committed,  1 nodes.
             Both:        1.13 GB reserved,      92.56 MB (  8%) committed. 

Chunk freelists:
   Non-Class:  288.00 KB
       Class:  2.78 MB
        Both:  3.06 MB

MaxMetaspaceSize: unlimited
CompressedClassSpaceSize: 1.00 GB
Initial GC threshold: 21.00 MB
Current GC threshold: 153.25 MB
CDS: on
MetaspaceReclaimPolicy: balanced
 - commit_granule_bytes: 65536.
 - commit_granule_words: 8192.
 - virtual_space_node_default_size: 8388608.
 - enlarge_chunks_in_place: 1.
 - new_chunks_are_fully_committed: 0.
 - uncommit_free_chunks: 1.
 - use_allocation_guard: 0.
 - handle_deallocations: 1.


Internal statistics:

num_allocs_failed_limit: 6.
num_arena_births: 836.
num_arena_deaths: 2.
num_vsnodes_births: 3.
num_vsnodes_deaths: 0.
num_space_committed: 1481.
num_space_uncommitted: 0.
num_chunks_returned_to_freelist: 9.
num_chunks_taken_from_freelist: 4257.
num_chunk_merges: 6.
num_chunk_splits: 3074.
num_chunks_enlarged: 2426.
num_inconsistent_stats: 0.

CodeHeap 'non-profiled nmethods': size=119168Kb used=6010Kb max_used=6710Kb free=113157Kb
 bounds [0x000002699c7b0000, 0x000002699ce40000, 0x00000269a3c10000]
CodeHeap 'profiled nmethods': size=119104Kb used=17343Kb max_used=17343Kb free=101760Kb
 bounds [0x0000026994c10000, 0x0000026995d10000, 0x000002699c060000]
CodeHeap 'non-nmethods': size=7488Kb used=3086Kb max_used=3197Kb free=4401Kb
 bounds [0x000002699c060000, 0x000002699c390000, 0x000002699c7b0000]
 total_blobs=9401 nmethods=8657 adapters=652
 compilation: enabled
              stopped_count=0, restarted_count=0
 full_count=0

Compilation events (20 events):
Event: 11.913 Thread 0x00000269a8af0c00 10215       1       org.springframework.beans.factory.annotation.AnnotatedGenericBeanDefinition::getFactoryMethodMetadata (5 bytes)
Event: 11.913 Thread 0x00000269a8af0c00 nmethod 10215 0x000002699cc1f390 code [0x000002699cc1f520, 0x000002699cc1f5f8]
Event: 11.913 Thread 0x00000269a8af0c00 10216       3       java.lang.invoke.DirectMethodHandle$Holder::invokeStatic (24 bytes)
Event: 11.914 Thread 0x00000269a8af0c00 nmethod 10216 0x0000026995ce3810 code [0x0000026995ce39e0, 0x0000026995ce3f78]
Event: 11.915 Thread 0x00000269a8802dc0 10217   !   3       org.springframework.core.$Proxy40::getRawType (29 bytes)
Event: 11.915 Thread 0x00000269a8802dc0 nmethod 10217 0x0000026995ce4090 code [0x0000026995ce4260, 0x0000026995ce4678]
Event: 11.917 Thread 0x00000269a8802dc0 10218       3       org.springframework.beans.factory.support.AbstractBeanFactory::isTypeMatch (619 bytes)
Event: 11.917 Thread 0x00000269ef624f30 nmethod 10204 0x000002699c89aa90 code [0x000002699c89aca0, 0x000002699c89b470]
Event: 11.917 Thread 0x00000269ef624f30 10015       4       java.util.ArrayDeque::size (17 bytes)
Event: 11.918 Thread 0x00000269ef624f30 nmethod 10015 0x000002699c84e210 code [0x000002699c84e380, 0x000002699c84e418]
Event: 11.918 Thread 0x00000269ef624f30 9988       4       org.springframework.util.StringUtils::hasText (24 bytes)
Event: 11.918 Thread 0x00000269ef6249e0 nmethod 9986 0x000002699c84e510 code [0x000002699c84ebc0, 0x000002699c856978]
Event: 11.922 Thread 0x00000269ef624f30 nmethod 9988 0x000002699c84db10 code [0x000002699c84dca0, 0x000002699c84de18]
Event: 11.922 Thread 0x00000269ef624f30 10203       4       org.springframework.core.annotation.TypeMappedAnnotation::getTypeForMapOptions (57 bytes)
Event: 11.922 Thread 0x00000269a8802dc0 nmethod 10218 0x0000026995ce4810 code [0x0000026995ce4ec0, 0x0000026995cea048]
Event: 11.923 Thread 0x00000269ef6249e0 10154   !   4       org.slf4j.LoggerFactory::getProvider (102 bytes)
Event: 11.924 Thread 0x00000269ef6249e0 nmethod 10154 0x000002699c89a790 code [0x000002699c89a900, 0x000002699c89a998]
Event: 11.924 Thread 0x00000269ef6249e0 10156       4       ch.qos.logback.classic.LoggerContext::getLogger (6 bytes)
Event: 11.924 Thread 0x00000269ef624f30 nmethod 10203 0x000002699c89a290 code [0x000002699c89a420, 0x000002699c89a5b8]
Event: 11.924 Thread 0x00000269ef6249e0 nmethod 10156 0x000002699c899f90 code [0x000002699c89a120, 0x000002699c89a1c8]

GC Heap History (20 events):
Event: 9.010 GC heap before
{Heap before GC invocations=30 (full 0):
 garbage-first heap   total 68608K, used 54878K [0x00000000e0000000, 0x0000000100000000)
  region size 1024K, 17 young (17408K), 2 survivors (2048K)
 Metaspace       used 82246K, committed 82816K, reserved 1179648K
  class space    used 11406K, committed 11648K, reserved 1048576K
}
Event: 9.012 GC heap after
{Heap after GC invocations=31 (full 0):
 garbage-first heap   total 68608K, used 41195K [0x00000000e0000000, 0x0000000100000000)
  region size 1024K, 3 young (3072K), 3 survivors (3072K)
 Metaspace       used 82246K, committed 82816K, reserved 1179648K
  class space    used 11406K, committed 11648K, reserved 1048576K
}
Event: 9.406 GC heap before
{Heap before GC invocations=32 (full 0):
 garbage-first heap   total 71680K, used 55531K [0x00000000e0000000, 0x0000000100000000)
  region size 1024K, 17 young (17408K), 3 survivors (3072K)
 Metaspace       used 84139K, committed 84800K, reserved 1179648K
  class space    used 11699K, committed 12032K, reserved 1048576K
}
Event: 9.408 GC heap after
{Heap after GC invocations=33 (full 0):
 garbage-first heap   total 71680K, used 42262K [0x00000000e0000000, 0x0000000100000000)
  region size 1024K, 2 young (2048K), 2 survivors (2048K)
 Metaspace       used 84139K, committed 84800K, reserved 1179648K
  class space    used 11699K, committed 12032K, reserved 1048576K
}
Event: 9.639 GC heap before
{Heap before GC invocations=33 (full 0):
 garbage-first heap   total 71680K, used 58646K [0x00000000e0000000, 0x0000000100000000)
  region size 1024K, 18 young (18432K), 2 survivors (2048K)
 Metaspace       used 86171K, committed 86784K, reserved 1179648K
  class space    used 12038K, committed 12352K, reserved 1048576K
}
Event: 9.640 GC heap after
{Heap after GC invocations=34 (full 0):
 garbage-first heap   total 71680K, used 42859K [0x00000000e0000000, 0x0000000100000000)
  region size 1024K, 2 young (2048K), 2 survivors (2048K)
 Metaspace       used 86171K, committed 86784K, reserved 1179648K
  class space    used 12038K, committed 12352K, reserved 1048576K
}
Event: 9.779 GC heap before
{Heap before GC invocations=35 (full 0):
 garbage-first heap   total 73728K, used 58219K [0x00000000e0000000, 0x0000000100000000)
  region size 1024K, 18 young (18432K), 2 survivors (2048K)
 Metaspace       used 88917K, committed 89536K, reserved 1179648K
  class space    used 12563K, committed 12864K, reserved 1048576K
}
Event: 9.781 GC heap after
{Heap after GC invocations=36 (full 0):
 garbage-first heap   total 73728K, used 45033K [0x00000000e0000000, 0x0000000100000000)
  region size 1024K, 3 young (3072K), 3 survivors (3072K)
 Metaspace       used 88917K, committed 89536K, reserved 1179648K
  class space    used 12563K, committed 12864K, reserved 1048576K
}
Event: 9.786 GC heap before
{Heap before GC invocations=36 (full 0):
 garbage-first heap   total 73728K, used 46057K [0x00000000e0000000, 0x0000000100000000)
  region size 1024K, 4 young (4096K), 3 survivors (3072K)
 Metaspace       used 88925K, committed 89536K, reserved 1179648K
  class space    used 12563K, committed 12864K, reserved 1048576K
}
Event: 9.788 GC heap after
{Heap after GC invocations=37 (full 0):
 garbage-first heap   total 73728K, used 44736K [0x00000000e0000000, 0x0000000100000000)
  region size 1024K, 1 young (1024K), 1 survivors (1024K)
 Metaspace       used 88925K, committed 89536K, reserved 1179648K
  class space    used 12563K, committed 12864K, reserved 1048576K
}
Event: 9.991 GC heap before
{Heap before GC invocations=37 (full 0):
 garbage-first heap   total 73728K, used 58048K [0x00000000e0000000, 0x0000000100000000)
  region size 1024K, 15 young (15360K), 1 survivors (1024K)
 Metaspace       used 91054K, committed 91648K, reserved 1179648K
  class space    used 12870K, committed 13184K, reserved 1048576K
}
Event: 9.991 GC heap after
{Heap after GC invocations=38 (full 0):
 garbage-first heap   total 73728K, used 44880K [0x00000000e0000000, 0x0000000100000000)
  region size 1024K, 1 young (1024K), 1 survivors (1024K)
 Metaspace       used 91054K, committed 91648K, reserved 1179648K
  class space    used 12870K, committed 13184K, reserved 1048576K
}
Event: 10.932 GC heap before
{Heap before GC invocations=39 (full 0):
 garbage-first heap   total 78848K, used 60240K [0x00000000e0000000, 0x0000000100000000)
  region size 1024K, 16 young (16384K), 1 survivors (1024K)
 Metaspace       used 92440K, committed 92992K, reserved 1179648K
  class space    used 13074K, committed 13376K, reserved 1048576K
}
Event: 10.933 GC heap after
{Heap after GC invocations=40 (full 0):
 garbage-first heap   total 78848K, used 45366K [0x00000000e0000000, 0x0000000100000000)
  region size 1024K, 1 young (1024K), 1 survivors (1024K)
 Metaspace       used 92440K, committed 92992K, reserved 1179648K
  class space    used 13074K, committed 13376K, reserved 1048576K
}
Event: 10.986 GC heap before
{Heap before GC invocations=40 (full 0):
 garbage-first heap   total 78848K, used 47414K [0x00000000e0000000, 0x0000000100000000)
  region size 1024K, 3 young (3072K), 1 survivors (1024K)
 Metaspace       used 92573K, committed 93120K, reserved 1179648K
  class space    used 13095K, committed 13376K, reserved 1048576K
}
Event: 10.987 GC heap after
{Heap after GC invocations=41 (full 0):
 garbage-first heap   total 78848K, used 45140K [0x00000000e0000000, 0x0000000100000000)
  region size 1024K, 1 young (1024K), 1 survivors (1024K)
 Metaspace       used 92573K, committed 93120K, reserved 1179648K
  class space    used 13095K, committed 13376K, reserved 1048576K
}
Event: 11.747 GC heap before
{Heap before GC invocations=41 (full 0):
 garbage-first heap   total 78848K, used 64596K [0x00000000e0000000, 0x0000000100000000)
  region size 1024K, 20 young (20480K), 1 survivors (1024K)
 Metaspace       used 93487K, committed 94080K, reserved 1179648K
  class space    used 13194K, committed 13504K, reserved 1048576K
}
Event: 11.748 GC heap after
{Heap after GC invocations=42 (full 0):
 garbage-first heap   total 78848K, used 45476K [0x00000000e0000000, 0x0000000100000000)
  region size 1024K, 1 young (1024K), 1 survivors (1024K)
 Metaspace       used 93487K, committed 94080K, reserved 1179648K
  class space    used 13194K, committed 13504K, reserved 1048576K
}
Event: 11.906 GC heap before
{Heap before GC invocations=43 (full 0):
 garbage-first heap   total 80896K, used 65956K [0x00000000e0000000, 0x0000000100000000)
  region size 1024K, 21 young (21504K), 1 survivors (1024K)
 Metaspace       used 93678K, committed 94272K, reserved 1179648K
  class space    used 13208K, committed 13504K, reserved 1048576K
}
Event: 11.908 GC heap after
{Heap after GC invocations=44 (full 0):
 garbage-first heap   total 80896K, used 47301K [0x00000000e0000000, 0x0000000100000000)
  region size 1024K, 3 young (3072K), 3 survivors (3072K)
 Metaspace       used 93678K, committed 94272K, reserved 1179648K
  class space    used 13208K, committed 13504K, reserved 1048576K
}

Dll operation events (13 events):
Event: 0.004 Loaded shared library C:\Users\prlhs\.jdks\corretto-17.0.8.1\bin\java.dll
Event: 0.016 Loaded shared library C:\Users\prlhs\.jdks\corretto-17.0.8.1\bin\jsvml.dll
Event: 0.066 Loaded shared library C:\Users\prlhs\.jdks\corretto-17.0.8.1\bin\net.dll
Event: 0.067 Loaded shared library C:\Users\prlhs\.jdks\corretto-17.0.8.1\bin\nio.dll
Event: 0.068 Loaded shared library C:\Users\prlhs\.jdks\corretto-17.0.8.1\bin\zip.dll
Event: 0.096 Loaded shared library C:\Users\prlhs\.jdks\corretto-17.0.8.1\bin\verify.dll
Event: 0.099 Loaded shared library C:\Users\prlhs\.jdks\corretto-17.0.8.1\bin\jimage.dll
Event: 0.284 Loaded shared library C:\Users\prlhs\.jdks\corretto-17.0.8.1\bin\sunmscapi.dll
Event: 8.048 Loaded shared library C:\Users\prlhs\.jdks\corretto-17.0.8.1\bin\management.dll
Event: 8.055 Loaded shared library C:\Users\prlhs\.jdks\corretto-17.0.8.1\bin\management_ext.dll
Event: 9.290 Loaded shared library C:\Users\prlhs\.jdks\corretto-17.0.8.1\bin\instrument.dll
Event: 9.290 Loaded shared library C:\Users\prlhs\.jdks\corretto-17.0.8.1\bin\zip.dll
Event: 9.291 Loaded shared library C:\Users\prlhs\.jdks\corretto-17.0.8.1\bin\instrument.dll

Deoptimization events (20 events):
Event: 11.832 Thread 0x000002698ae0eae0 Uncommon trap: trap_request=0xffffffd6 fr.pc=0x000002699cc0dddc relative=0x00000000000008fc
Event: 11.832 Thread 0x000002698ae0eae0 Uncommon trap: reason=array_check action=maybe_recompile pc=0x000002699cc0dddc method=java.util.concurrent.ConcurrentHashMap$CollectionView.toArray([Ljava/lang/Object;)[Ljava/lang/Object; @ 158 c2
Event: 11.832 Thread 0x000002698ae0eae0 DEOPT PACKING pc=0x000002699cc0dddc sp=0x000000e8ab8fa410
Event: 11.832 Thread 0x000002698ae0eae0 DEOPT UNPACKING pc=0x000002699c0b69a3 sp=0x000000e8ab8fa3c0 mode 2
Event: 11.837 Thread 0x000002698ae0eae0 Uncommon trap: trap_request=0xffffffd6 fr.pc=0x000002699cc0dddc relative=0x00000000000008fc
Event: 11.837 Thread 0x000002698ae0eae0 Uncommon trap: reason=array_check action=maybe_recompile pc=0x000002699cc0dddc method=java.util.concurrent.ConcurrentHashMap$CollectionView.toArray([Ljava/lang/Object;)[Ljava/lang/Object; @ 158 c2
Event: 11.837 Thread 0x000002698ae0eae0 DEOPT PACKING pc=0x000002699cc0dddc sp=0x000000e8ab8fa4f0
Event: 11.837 Thread 0x000002698ae0eae0 DEOPT UNPACKING pc=0x000002699c0b69a3 sp=0x000000e8ab8fa4a0 mode 2
Event: 11.837 Thread 0x000002698ae0eae0 Uncommon trap: trap_request=0xffffffd6 fr.pc=0x000002699c9495ec relative=0x00000000000006ac
Event: 11.837 Thread 0x000002698ae0eae0 Uncommon trap: reason=array_check action=maybe_recompile pc=0x000002699c9495ec method=java.util.concurrent.ConcurrentHashMap$CollectionView.toArray([Ljava/lang/Object;)[Ljava/lang/Object; @ 158 c2
Event: 11.837 Thread 0x000002698ae0eae0 DEOPT PACKING pc=0x000002699c9495ec sp=0x000000e8ab8fa430
Event: 11.837 Thread 0x000002698ae0eae0 DEOPT UNPACKING pc=0x000002699c0b69a3 sp=0x000000e8ab8fa3c0 mode 2
Event: 11.917 Thread 0x000002698ae0eae0 Uncommon trap: trap_request=0xffffff45 fr.pc=0x000002699cd7dc68 relative=0x00000000000025c8
Event: 11.917 Thread 0x000002698ae0eae0 Uncommon trap: reason=unstable_if action=reinterpret pc=0x000002699cd7dc68 method=org.springframework.beans.factory.support.AbstractBeanFactory.isTypeMatch(Ljava/lang/String;Lorg/springframework/core/ResolvableType;Z)Z @ 320 c2
Event: 11.917 Thread 0x000002698ae0eae0 DEOPT PACKING pc=0x000002699cd7dc68 sp=0x000000e8ab8faf70
Event: 11.917 Thread 0x000002698ae0eae0 DEOPT UNPACKING pc=0x000002699c0b69a3 sp=0x000000e8ab8faf30 mode 2
Event: 11.917 Thread 0x000002698ae0eae0 Uncommon trap: trap_request=0xfffffff4 fr.pc=0x000002699cbc11d0 relative=0x00000000000059d0
Event: 11.917 Thread 0x000002698ae0eae0 Uncommon trap: reason=null_check action=make_not_entrant pc=0x000002699cbc11d0 method=org.springframework.core.ResolvableType.equals(Ljava/lang/Object;)Z @ 8 c2
Event: 11.917 Thread 0x000002698ae0eae0 DEOPT PACKING pc=0x000002699cbc11d0 sp=0x000000e8ab8fb130
Event: 11.917 Thread 0x000002698ae0eae0 DEOPT UNPACKING pc=0x000002699c0b69a3 sp=0x000000e8ab8fb138 mode 2

Classes unloaded (1 events):
Event: 10.005 Thread 0x00000269a874ba60 Unloading class 0x00000269aabb4000 'net/bytebuddy/mirror/AccessibleObject'

Classes redefined (0 events):
No events

Internal exceptions (20 events):
Event: 9.623 Thread 0x000002698ae0eae0 Implicit null exception at 0x000002699cc2ca7e to 0x000002699cc2dbac
Event: 9.900 Thread 0x000002698ae0eae0 Implicit null exception at 0x000002699cb2f913 to 0x000002699cb2fa54
Event: 9.903 Thread 0x000002698ae0eae0 Exception <a 'java/lang/NoSuchMethodError'{0x00000000e409bf60}: 'int java.lang.invoke.DirectMethodHandle$Holder.invokeStatic(java.lang.Object)'> (0x00000000e409bf60) 
thrown [s\src\hotspot\share\interpreter\linkResolver.cpp, line 759]
Event: 9.980 Thread 0x000002698ae0eae0 Exception <a 'java/lang/NoSuchMethodError'{0x00000000e39259a8}: 'void java.lang.invoke.DirectMethodHandle$Holder.invokeSpecialIFC(java.lang.Object, java.lang.Object, int, java.lang.Object, java.lang.Object, java.lang.Object, java.lang.Object)'> (0x00000000e39259a8) 
thrown [s\src\hotspot\share\interpreter\linkResolver.cpp, line 759]
Event: 10.084 Thread 0x000002698ae0eae0 Exception <a 'java/lang/reflect/InvocationTargetException'{0x00000000fc7a5250}> (0x00000000fc7a5250) 
thrown [s\src\hotspot\share\runtime\reflection.cpp, line 1121]
Event: 10.291 Thread 0x000002698ae0eae0 Implicit null exception at 0x000002699cd52dfa to 0x000002699cd53468
Event: 10.434 Thread 0x000002698ae0eae0 Exception <a 'java/lang/reflect/InvocationTargetException'{0x00000000fc3a4d28}> (0x00000000fc3a4d28) 
thrown [s\src\hotspot\share\runtime\reflection.cpp, line 1121]
Event: 10.707 Thread 0x000002698ae0eae0 Exception <a 'java/lang/reflect/InvocationTargetException'{0x00000000e46b3200}> (0x00000000e46b3200) 
thrown [s\src\hotspot\share\runtime\reflection.cpp, line 1121]
Event: 10.725 Thread 0x000002698ae0eae0 Exception <a 'java/lang/reflect/InvocationTargetException'{0x00000000e4443fc8}> (0x00000000e4443fc8) 
thrown [s\src\hotspot\share\runtime\reflection.cpp, line 1121]
Event: 10.969 Thread 0x000002698ae0eae0 Exception <a 'java/lang/IncompatibleClassChangeError'{0x00000000fc7aa748}: Found class java.lang.Object, but interface was expected> (0x00000000fc7aa748) 
thrown [s\src\hotspot\share\interpreter\linkResolver.cpp, line 826]
Event: 11.108 Thread 0x000002698ae0eae0 Exception <a 'java/lang/reflect/InvocationTargetException'{0x00000000fc5a1bb0}> (0x00000000fc5a1bb0) 
thrown [s\src\hotspot\share\runtime\reflection.cpp, line 1121]
Event: 11.188 Thread 0x000002698ae0eae0 Exception <a 'java/lang/reflect/InvocationTargetException'{0x00000000fc413fe8}> (0x00000000fc413fe8) 
thrown [s\src\hotspot\share\runtime\reflection.cpp, line 1121]
Event: 11.301 Thread 0x000002698ae0eae0 Exception <a 'java/lang/reflect/InvocationTargetException'{0x00000000e4629de8}> (0x00000000e4629de8) 
thrown [s\src\hotspot\share\runtime\reflection.cpp, line 1121]
Event: 11.573 Thread 0x000002698ae0eae0 Exception <a 'java/lang/reflect/InvocationTargetException'{0x00000000e44cdaf0}> (0x00000000e44cdaf0) 
thrown [s\src\hotspot\share\runtime\reflection.cpp, line 1121]
Event: 11.602 Thread 0x000002698ae0eae0 Exception <a 'java/lang/reflect/InvocationTargetException'{0x00000000e42b3350}> (0x00000000e42b3350) 
thrown [s\src\hotspot\share\runtime\reflection.cpp, line 1121]
Event: 11.618 Thread 0x000002698ae0eae0 Implicit null exception at 0x000002699cc732f2 to 0x000002699cc73e14
Event: 11.673 Thread 0x000002698ae0eae0 Exception <a 'java/lang/reflect/InvocationTargetException'{0x00000000e3dd7a58}> (0x00000000e3dd7a58) 
thrown [s\src\hotspot\share\runtime\reflection.cpp, line 1121]
Event: 11.708 Thread 0x000002698ae0eae0 Exception <a 'java/lang/reflect/InvocationTargetException'{0x00000000e3b766a0}> (0x00000000e3b766a0) 
thrown [s\src\hotspot\share\runtime\reflection.cpp, line 1121]
Event: 11.750 Thread 0x000002698ae0eae0 Exception <a 'java/lang/reflect/InvocationTargetException'{0x00000000ffd25698}> (0x00000000ffd25698) 
thrown [s\src\hotspot\share\runtime\reflection.cpp, line 1121]
Event: 11.917 Thread 0x000002698ae0eae0 Implicit null exception at 0x000002699cbbb83b to 0x000002699cbc11c0

VM Operations (20 events):
Event: 10.287 Executing VM operation: HandshakeAllThreads
Event: 10.287 Executing VM operation: HandshakeAllThreads done
Event: 10.932 Executing VM operation: G1CollectForAllocation
Event: 10.933 Executing VM operation: G1CollectForAllocation done
Event: 10.985 Executing VM operation: G1CollectForAllocation
Event: 10.987 Executing VM operation: G1CollectForAllocation done
Event: 11.145 Executing VM operation: HandshakeAllThreads
Event: 11.145 Executing VM operation: HandshakeAllThreads done
Event: 11.182 Executing VM operation: HandshakeAllThreads
Event: 11.182 Executing VM operation: HandshakeAllThreads done
Event: 11.614 Executing VM operation: ICBufferFull
Event: 11.614 Executing VM operation: ICBufferFull done
Event: 11.747 Executing VM operation: G1CollectForAllocation
Event: 11.748 Executing VM operation: G1CollectForAllocation done
Event: 11.766 Executing VM operation: G1PauseRemark
Event: 11.769 Executing VM operation: G1PauseRemark done
Event: 11.778 Executing VM operation: G1PauseCleanup
Event: 11.778 Executing VM operation: G1PauseCleanup done
Event: 11.892 Executing VM operation: G1CollectForAllocation
Event: 11.908 Executing VM operation: G1CollectForAllocation done

Events (20 events):
Event: 11.926 loading class org/mockito/internal/handler/MockHandlerFactory
Event: 11.926 loading class org/mockito/internal/handler/MockHandlerFactory done
Event: 11.926 loading class org/mockito/internal/handler/MockHandlerImpl
Event: 11.926 loading class org/mockito/internal/handler/MockHandlerImpl done
Event: 11.926 loading class org/mockito/invocation/MatchableInvocation
Event: 11.926 loading class org/mockito/invocation/MatchableInvocation done
Event: 11.926 loading class org/mockito/stubbing/OngoingStubbing
Event: 11.926 loading class org/mockito/stubbing/OngoingStubbing done
Event: 11.926 loading class org/mockito/stubbing/Stubbing
Event: 11.926 loading class org/mockito/stubbing/Stubbing done
Event: 11.927 loading class org/mockito/invocation/InvocationContainer
Event: 11.927 loading class org/mockito/invocation/InvocationContainer done
Event: 11.927 loading class org/mockito/internal/invocation/MatchersBinder
Event: 11.927 loading class org/mockito/internal/invocation/MatchersBinder done
Event: 11.927 loading class org/mockito/internal/stubbing/InvocationContainerImpl
Event: 11.927 loading class org/mockito/internal/stubbing/InvocationContainerImpl done
Event: 11.927 loading class org/mockito/invocation/StubInfo
Event: 11.927 loading class org/mockito/invocation/StubInfo done
Event: 11.927 loading class org/mockito/internal/verification/RegisteredInvocations
Event: 11.927 loading class org/mockito/internal/verification/RegisteredInvocations done


Dynamic libraries:
0x00007ff795990000 - 0x00007ff79599d000 	C:\Users\prlhs\.jdks\corretto-17.0.8.1\bin\java.exe
0x00007ffd20250000 - 0x00007ffd20467000 	C:\Windows\SYSTEM32\ntdll.dll
0x00007ffd1eda0000 - 0x00007ffd1ee64000 	C:\Windows\System32\KERNEL32.DLL
0x00007ffd1db80000 - 0x00007ffd1df26000 	C:\Windows\System32\KERNELBASE.dll
0x00007ffd1d900000 - 0x00007ffd1da11000 	C:\Windows\System32\ucrtbase.dll
0x00007ffd09120000 - 0x00007ffd09135000 	C:\Users\prlhs\.jdks\corretto-17.0.8.1\bin\VCRUNTIME140.dll
0x00007ffd09150000 - 0x00007ffd09167000 	C:\Users\prlhs\.jdks\corretto-17.0.8.1\bin\jli.dll
0x00007ffd1f500000 - 0x00007ffd1f6ad000 	C:\Windows\System32\USER32.dll
0x00007ffd1d7b0000 - 0x00007ffd1d7d6000 	C:\Windows\System32\win32u.dll
0x00007ffd1ed70000 - 0x00007ffd1ed99000 	C:\Windows\System32\GDI32.dll
0x00007ffd1c800000 - 0x00007ffd1ca93000 	C:\Windows\WinSxS\amd64_microsoft.windows.common-controls_6595b64144ccf1df_6.0.22621.2361_none_2712ced57382f843\COMCTL32.dll
0x00007ffd1d7e0000 - 0x00007ffd1d8f8000 	C:\Windows\System32\gdi32full.dll
0x00007ffd1f450000 - 0x00007ffd1f4f7000 	C:\Windows\System32\msvcrt.dll
0x00007ffd1dae0000 - 0x00007ffd1db7a000 	C:\Windows\System32\msvcp_win.dll
0x00007ffd1eb10000 - 0x00007ffd1eb41000 	C:\Windows\System32\IMM32.DLL
0x00007ffce9fc0000 - 0x00007ffcea05b000 	C:\Users\prlhs\.jdks\corretto-17.0.8.1\bin\msvcp140.dll
0x00007ffcbbd80000 - 0x00007ffcbc99d000 	C:\Users\prlhs\.jdks\corretto-17.0.8.1\bin\server\jvm.dll
0x00007ffd20090000 - 0x00007ffd20140000 	C:\Windows\System32\ADVAPI32.dll
0x00007ffd1e970000 - 0x00007ffd1ea16000 	C:\Windows\System32\sechost.dll
0x00007ffd1e140000 - 0x00007ffd1e257000 	C:\Windows\System32\RPCRT4.dll
0x00007ffd1cf00000 - 0x00007ffd1cf4d000 	C:\Windows\SYSTEM32\POWRPROF.dll
0x00007ffd12d10000 - 0x00007ffd12d44000 	C:\Windows\SYSTEM32\WINMM.dll
0x00007ffd15b30000 - 0x00007ffd15b3a000 	C:\Windows\SYSTEM32\VERSION.dll
0x00007ffd00d10000 - 0x00007ffd00d19000 	C:\Windows\SYSTEM32\WSOCK32.dll
0x00007ffd1ee70000 - 0x00007ffd1eee1000 	C:\Windows\System32\WS2_32.dll
0x00007ffd1cbd0000 - 0x00007ffd1cbe3000 	C:\Windows\SYSTEM32\UMPDC.dll
0x00007ffd1bd40000 - 0x00007ffd1bd58000 	C:\Windows\SYSTEM32\kernel.appcore.dll
0x00007ffd09ac0000 - 0x00007ffd09aca000 	C:\Users\prlhs\.jdks\corretto-17.0.8.1\bin\jimage.dll
0x00007ffd1cf50000 - 0x00007ffd1d17e000 	C:\Windows\SYSTEM32\DBGHELP.DLL
0x00007ffd1f060000 - 0x00007ffd1f3ea000 	C:\Windows\System32\combase.dll
0x00007ffd1e260000 - 0x00007ffd1e337000 	C:\Windows\System32\OLEAUT32.dll
0x00007ffd1cdc0000 - 0x00007ffd1cdf2000 	C:\Windows\SYSTEM32\dbgcore.DLL
0x00007ffd1df30000 - 0x00007ffd1dfaa000 	C:\Windows\System32\bcryptPrimitives.dll
0x00007ffd07290000 - 0x00007ffd072b5000 	C:\Users\prlhs\.jdks\corretto-17.0.8.1\bin\java.dll
0x00007ffce1600000 - 0x00007ffce16d6000 	C:\Users\prlhs\.jdks\corretto-17.0.8.1\bin\jsvml.dll
0x00007ffd1f830000 - 0x00007ffd20088000 	C:\Windows\System32\SHELL32.dll
0x00007ffd1aac0000 - 0x00007ffd1b3b2000 	C:\Windows\SYSTEM32\windows.storage.dll
0x00007ffd1a980000 - 0x00007ffd1aabe000 	C:\Windows\SYSTEM32\wintypes.dll
0x00007ffd1f700000 - 0x00007ffd1f7f3000 	C:\Windows\System32\SHCORE.dll
0x00007ffd1eb50000 - 0x00007ffd1ebae000 	C:\Windows\System32\shlwapi.dll
0x00007ffd1d500000 - 0x00007ffd1d526000 	C:\Windows\SYSTEM32\profapi.dll
0x00007ffd09100000 - 0x00007ffd09119000 	C:\Users\prlhs\.jdks\corretto-17.0.8.1\bin\net.dll
0x00007ffd16e70000 - 0x00007ffd16fa7000 	C:\Windows\SYSTEM32\WINHTTP.dll
0x00007ffd1c1d0000 - 0x00007ffd1c239000 	C:\Windows\system32\mswsock.dll
0x00007ffd07270000 - 0x00007ffd07285000 	C:\Users\prlhs\.jdks\corretto-17.0.8.1\bin\nio.dll
0x00007ffd07250000 - 0x00007ffd07268000 	C:\Users\prlhs\.jdks\corretto-17.0.8.1\bin\zip.dll
0x00007ffd04960000 - 0x00007ffd04970000 	C:\Users\prlhs\.jdks\corretto-17.0.8.1\bin\verify.dll
0x00007ffd03350000 - 0x00007ffd0335e000 	C:\Users\prlhs\.jdks\corretto-17.0.8.1\bin\sunmscapi.dll
0x00007ffd1d5d0000 - 0x00007ffd1d736000 	C:\Windows\System32\CRYPT32.dll
0x00007ffd1caa0000 - 0x00007ffd1cacd000 	C:\Windows\SYSTEM32\ncrypt.dll
0x00007ffd1c7c0000 - 0x00007ffd1c7f7000 	C:\Windows\SYSTEM32\NTASN1.dll
0x00007ffd01cf0000 - 0x00007ffd01cf8000 	C:\Windows\system32\wshunix.dll
0x00007ffd1d270000 - 0x00007ffd1d28b000 	C:\Windows\SYSTEM32\CRYPTSP.dll
0x00007ffd1c4d0000 - 0x00007ffd1c505000 	C:\Windows\system32\rsaenh.dll
0x00007ffd1c240000 - 0x00007ffd1c26c000 	C:\Windows\SYSTEM32\USERENV.dll
0x00007ffd1ce00000 - 0x00007ffd1ce28000 	C:\Windows\SYSTEM32\bcrypt.dll
0x00007ffd1c510000 - 0x00007ffd1c51c000 	C:\Windows\SYSTEM32\CRYPTBASE.dll
0x00007ffd1b840000 - 0x00007ffd1b86d000 	C:\Windows\SYSTEM32\IPHLPAPI.DLL
0x00007ffd1f040000 - 0x00007ffd1f049000 	C:\Windows\System32\NSI.dll
0x00007ffd16b50000 - 0x00007ffd16b69000 	C:\Windows\SYSTEM32\dhcpcsvc6.DLL
0x00007ffd16b30000 - 0x00007ffd16b4f000 	C:\Windows\SYSTEM32\dhcpcsvc.DLL
0x00007ffd1b870000 - 0x00007ffd1b969000 	C:\Windows\SYSTEM32\DNSAPI.dll
0x00007ffd0ef70000 - 0x00007ffd0ef7a000 	C:\Windows\System32\rasadhlp.dll
0x00007ffd15c80000 - 0x00007ffd15d04000 	C:\Windows\System32\fwpuclnt.dll
0x00007ffd09d30000 - 0x00007ffd09d39000 	C:\Users\prlhs\.jdks\corretto-17.0.8.1\bin\management.dll
0x00007ffd03360000 - 0x00007ffd0336b000 	C:\Users\prlhs\.jdks\corretto-17.0.8.1\bin\management_ext.dll
0x00007ffd1f050000 - 0x00007ffd1f058000 	C:\Windows\System32\PSAPI.DLL
0x00007ffd193c0000 - 0x00007ffd193ce000 	C:\Users\prlhs\.jdks\corretto-17.0.8.1\bin\instrument.dll

dbghelp: loaded successfully - version: 4.0.5 - missing functions: none
symbol engine: initialized successfully - sym options: 0x614 - pdb path: .;C:\Users\prlhs\.jdks\corretto-17.0.8.1\bin;C:\Windows\SYSTEM32;C:\Windows\WinSxS\amd64_microsoft.windows.common-controls_6595b64144ccf1df_6.0.22621.2361_none_2712ced57382f843;C:\Users\prlhs\.jdks\corretto-17.0.8.1\bin\server

VM Arguments:
jvm_args: -Dorg.gradle.internal.worker.tmpdir=C:\code\mogu-apiserver\build\tmp\test\work -Dorg.gradle.native=false -Xmx512m -Dfile.encoding=UTF-8 -Duser.country=US -Duser.language=en -Duser.variant -ea 
java_command: worker.org.gradle.process.internal.worker.GradleWorkerMain 'Gradle Test Executor 2'
java_class_path (initial): C:\\Users\\prlhs\\.gradle\\caches\\8.2.1\\workerMain\\gradle-worker.jar;C:\\code\\mogu-apiserver\\build\\classes\\java\\test;C:\\code\\mogu-apiserver\\build\\classes\\java\\main;C:\\code\\mogu-apiserver\\build\\resources\\main;C:\\Users\\prlhs\\.gradle\\caches\\modules-2\\files-2.1\\org.springframework.boot\\spring-boot-starter-data-jpa\\3.1.2\\a37d54373b11d2de70dfb8bcd6612dc63787f4a8\\spring-boot-starter-data-jpa-3.1.2.jar;C:\\Users\\prlhs\\.gradle\\caches\\modules-2\\files-2.1\\org.springframework.boot\\spring-boot-starter-security\\3.1.2\\f51204b86f626c2a7f0d41f88e8e3bd86091dd1d\\spring-boot-starter-security-3.1.2.jar;C:\\Users\\prlhs\\.gradle\\caches\\modules-2\\files-2.1\\org.springframework.boot\\spring-boot-starter-web\\3.1.2\\30b824817e764a5a5a1e9fb46e7ace40bcfa3185\\spring-boot-starter-web-3.1.2.jar;C:\\Users\\prlhs\\.gradle\\caches\\modules-2\\files-2.1\\org.springframework.boot\\spring-boot-starter-validation\\3.1.2\\1e2f4bdd1913af954d3a929e692807cb3a19b0b4\\spring-boot-starter-validation-3.1.2.jar;C:\\Users\\prlhs\\.gradle\\caches\\modules-2\\files-2.1\\com.mysql\\mysql-connector-j\\8.0.33\\9e64d997873abc4318620264703d3fdb6b02dd5a\\mysql-connector-j-8.0.33.jar;C:\\Users\\prlhs\\.gradle\\caches\\modules-2\\files-2.1\\org.springdoc\\springdoc-openapi-starter-webmvc-ui\\2.2.0\\178d8ed6714d78b8b475c45bc60642a9232fcb70\\springdoc-openapi-starter-webmvc-ui-2.2.0.jar;C:\\Users\\prlhs\\.gradle\\caches\\modules-2\\files-2.1\\org.flywaydb\\flyway-mysql\\9.16.3\\1b275ceaf1dc839d9a3d82908ca2a367c6502d5a\\flyway-mysql-9.16.3.jar;C:\\Users\\prlhs\\.gradle\\caches\\modules-2\\files-2.1\\org.flywaydb\\flyway-core\\9.16.3\\ea75bff08a52e6489a3f0b92e913061ff9e9edb3\\flyway-core-9.16.3.jar;C:\\Users\\prlhs\\.gradle\\caches\\modules-2\\files-2.1\\com.querydsl\\querydsl-jpa\\5.0.0\\2a653852848dee41b967d3520be3339f0f92f1ea\\querydsl-jpa-5.0.0-jakarta.jar;C:\\Users\\prlhs\\.gradle\\caches\\modules-2\\files-2.1\\io.jsonwebtoken\\jjwt-impl\\0.11.5\\40
Launcher Type: SUN_STANDARD

[Global flags]
     intx CICompilerCount                          = 12                                        {product} {ergonomic}
     uint ConcGCThreads                            = 3                                         {product} {ergonomic}
     uint G1ConcRefinementThreads                  = 13                                        {product} {ergonomic}
   size_t G1HeapRegionSize                         = 1048576                                   {product} {ergonomic}
    uintx GCDrainStackTargetSize                   = 64                                        {product} {ergonomic}
   size_t InitialHeapSize                          = 534773760                                 {product} {ergonomic}
   size_t MarkStackSize                            = 4194304                                   {product} {ergonomic}
   size_t MaxHeapSize                              = 536870912                                 {product} {command line}
   size_t MaxNewSize                               = 321912832                                 {product} {ergonomic}
   size_t MinHeapDeltaBytes                        = 1048576                                   {product} {ergonomic}
   size_t MinHeapSize                              = 8388608                                   {product} {ergonomic}
    uintx NonNMethodCodeHeapSize                   = 7602480                                {pd product} {ergonomic}
    uintx NonProfiledCodeHeapSize                  = 122027880                              {pd product} {ergonomic}
    uintx ProfiledCodeHeapSize                     = 122027880                              {pd product} {ergonomic}
    uintx ReservedCodeCacheSize                    = 251658240                              {pd product} {ergonomic}
     bool SegmentedCodeCache                       = true                                      {product} {ergonomic}
   size_t SoftMaxHeapSize                          = 536870912                              {manageable} {ergonomic}
     bool UseCompressedClassPointers               = true                           {product lp64_product} {ergonomic}
     bool UseCompressedOops                        = true                           {product lp64_product} {ergonomic}
     bool UseG1GC                                  = true                                      {product} {ergonomic}
     bool UseLargePagesIndividualAllocation        = false                                  {pd product} {ergonomic}

Logging:
Log output configuration:
 #0: stdout all=warning uptime,level,tags
 #1: stderr all=off uptime,level,tags

Environment Variables:
PATH=C:\Windows\system32;C:\Windows;C:\Windows\System32\Wbem;C:\Windows\System32\WindowsPowerShell\v1.0\;C:\Windows\System32\OpenSSH\;C:\Program Files\Bandizip\;C:\Program Files\Git\cmd;C:\Program Files\Docker\Docker\resources\bin;C:\MinGW\bin;C:\Program Files\WezTerm;C:\Program Files (x86)\Windows Kits\10\Windows Performance Toolkit\;C:\Users\prlhs\AppData\Local\Programs\Python\Python311\Scripts\;C:\Users\prlhs\AppData\Local\Programs\Python\Python311\;C:\Users\prlhs\AppData\Local\Microsoft\WindowsApps;;C:\Program Files\JetBrains\IntelliJ IDEA 2023.2.2\bin;;C:\Users\prlhs\AppData\Local\Programs\Microsoft VS Code\bin
USERNAME=prlhs
OS=Windows_NT
PROCESSOR_IDENTIFIER=Intel64 Family 6 Model 151 Stepping 2, GenuineIntel
TMP=C:\Users\prlhs\AppData\Local\Temp
TEMP=C:\Users\prlhs\AppData\Local\Temp



---------------  S Y S T E M  ---------------

OS:
 Windows 11 , 64 bit Build 22621 (10.0.22621.2428)
OS uptime: 0 days 12:48 hours
Hyper-V role detected

CPU: total 16 (initial active 16) (8 cores per cpu, 2 threads per core) family 6 model 151 stepping 2 microcode 0x2d, cx8, cmov, fxsr, ht, mmx, 3dnowpref, sse, sse2, sse3, ssse3, sse4.1, sse4.2, popcnt, lzcnt, tsc, tscinvbit, avx, avx2, aes, erms, clmul, bmi1, bmi2, adx, sha, fma, vzeroupper, clflush, clflushopt, clwb, hv
Processor Information for processor 0
  Max Mhz: 3700, Current Mhz: 3700, Mhz Limit: 3700
Processor Information for processor 1
  Max Mhz: 3700, Current Mhz: 3700, Mhz Limit: 3700
Processor Information for processor 2
  Max Mhz: 3700, Current Mhz: 3700, Mhz Limit: 3700
Processor Information for processor 3
  Max Mhz: 3700, Current Mhz: 3700, Mhz Limit: 3700
Processor Information for processor 4
  Max Mhz: 3700, Current Mhz: 3700, Mhz Limit: 3700
Processor Information for processor 5
  Max Mhz: 3700, Current Mhz: 3700, Mhz Limit: 3700
Processor Information for processor 6
  Max Mhz: 3700, Current Mhz: 3700, Mhz Limit: 3700
Processor Information for processor 7
  Max Mhz: 3700, Current Mhz: 3700, Mhz Limit: 3700
Processor Information for processor 8
  Max Mhz: 3700, Current Mhz: 3700, Mhz Limit: 3700
Processor Information for processor 9
  Max Mhz: 3700, Current Mhz: 3700, Mhz Limit: 3700
Processor Information for processor 10
  Max Mhz: 3700, Current Mhz: 3700, Mhz Limit: 3700
Processor Information for processor 11
  Max Mhz: 3700, Current Mhz: 3700, Mhz Limit: 3700
Processor Information for processor 12
  Max Mhz: 3700, Current Mhz: 2800, Mhz Limit: 2775
Processor Information for processor 13
  Max Mhz: 3700, Current Mhz: 2800, Mhz Limit: 2775
Processor Information for processor 14
  Max Mhz: 3700, Current Mhz: 2800, Mhz Limit: 2775
Processor Information for processor 15
  Max Mhz: 3700, Current Mhz: 2800, Mhz Limit: 2775

Memory: 4k page, system-wide physical 32627M (18066M free)
TotalPageFile size 34675M (AvailPageFile size 13934M)
current process WorkingSet (physical memory assigned to process): 393M, peak: 393M
current process commit charge ("private bytes"): 440M, peak: 690M

vm_info: OpenJDK 64-Bit Server VM (17.0.8.1+8-LTS) for windows-amd64 JRE (17.0.8.1+8-LTS), built on Aug 19 2023 03:47:39 by "Administrator" with MS VC++ 15.9 (VS2017)

END.
